<?xml version="1.0" encoding="UTF-8"?>
<testsuite xmlns:xsi="http://www.w3.org/2001/XMLSchema-instance" xsi:noNamespaceSchemaLocation="https://maven.apache.org/surefire/maven-surefire-plugin/xsd/surefire-test-report.xsd" version="3.0.2" name="com.spacecworp.fintechapi.FintechApiApplicationTests" time="6.548" tests="7" errors="0" skipped="0" failures="0">
  <properties>
[...]
</properties>
  <testcase name="nonAdminCannotEscalateAllUsersOnExpenseAndPaymentLists" classname="com.spacecworp.fintechapi.FintechApiApplicationTests" time="0.872">
    <system-out><![CDATA[Standard Commons Logging discovery in action with spring-jcl: please remove commons-logging.jar from classpath in order to avoid potential conflicts
02:47:54.207 [main] INFO org.springframework.test.context.support.AnnotationConfigContextLoaderUtils -- Could not detect default configuration classes for test class [com.spacecworp.fintechapi.FintechApiApplicationTests]: FintechApiApplicationTests does not declare any static, non-private, non-final, nested classes annotated with @Configuration.
02:47:54.336 [main] INFO org.springframework.boot.test.context.SpringBootTestContextBootstrapper -- Found @SpringBootConfiguration com.spacecworp.fintechapi.FintechApiApplication for test class com.spacecworp.fintechapi.FintechApiApplicationTests

  .   ____          _            __ _ _
 /\\ / ___'_ __ _ _(_)_ __  __ _ \ \ \ \
( ( )\___ | '_ | '_| | '_ \/ _` | \ \ \ \
 \\/  ___)| |_)| | | | | || (_| |  ) ) ) )
  '  |____| .__|_| |_|_| |_\__, | / / / /
 =========|_|==============|___/=/_/_/_/

 :: Spring Boot ::                (v3.5.5)

2026-08-31T02:47:54.951Z  INFO 4358 --- [fintech-api] [           main] c.s.f.FintechApiApplicationTests         : Starting FintechApiApplicationTests using Java 17.0.20.1 with PID 4358 (started by runner in /home/runner/work/fintech_app.github.io/fintech_app.github.io/backend)
2026-08-31T02:47:54.953Z  INFO 4358 --- [fintech-api] [           main] c.s.f.FintechApiApplicationTests         : No active profile set, falling back to 1 default profile: "default"
2026-08-31T02:47:57.387Z  WARN 4358 --- [fintech-api] [           main] .s.s.UserDetailsServiceAutoConfiguration : 

Using generated security password: e7c19844-eec8-4137-ac96-29db570e59fc

This generated password is for development use only. Your security configuration must be updated before running your application in production.

2026-08-31T02:47:57.399Z  INFO 4358 --- [fintech-api] [           main] r$InitializeUserDetailsManagerConfigurer : Global AuthenticationManager configured with UserDetailsService bean with name inMemoryUserDetailsManager
2026-08-31T02:47:58.096Z  INFO 4358 --- [fintech-api] [           main] o.s.b.t.m.w.SpringBootMockServletContext : Initializing Spring TestDispatcherServlet ''
2026-08-31T02:47:58.096Z  INFO 4358 --- [fintech-api] [           main] o.s.t.web.servlet.TestDispatcherServlet  : Initializing Servlet ''
2026-08-31T02:47:58.097Z  INFO 4358 --- [fintech-api] [           main] o.s.t.web.servlet.TestDispatcherServlet  : Completed initialization in 1 ms
2026-08-31T02:47:58.132Z  INFO 4358 --- [fintech-api] [           main] c.s.f.FintechApiApplicationTests         : Started FintechApiApplicationTests in 3.609 seconds (process running for 4.907)
2026-08-31T02:47:58.826Z  INFO 4358 --- [fintech-api] [           main] c.s.f.o.RequestLoggingFilter             : event=http_request request_id=b41e8947-e50f-4ea7-9858-fbbba4bf1a60 method=POST path=/api/v1/auth/login status=200 duration_ms=353 user_id=anonymous tenant_id=-
2026-08-31T02:47:58.987Z  INFO 4358 --- [fintech-api] [           main] c.s.f.o.RequestLoggingFilter             : event=http_request request_id=c96d4240-f998-4e24-85c3-6496503957cd method=GET path=/api/v1/expenses status=200 duration_ms=123 user_id=u2 tenant_id=t1
2026-08-31T02:47:59.006Z  INFO 4358 --- [fintech-api] [           main] c.s.f.o.RequestLoggingFilter             : event=http_request request_id=0199cf94-4f27-448d-a830-7adef45cff7e method=GET path=/api/v1/payments status=200 duration_ms=12 user_id=u2 tenant_id=t1
]]></system-out>
  </testcase>
  <testcase name="signupTriggersRegistrationConfirmationEmail" classname="com.spacecworp.fintechapi.FintechApiApplicationTests" time="0.299">
    <system-out><![CDATA[2026-08-31T02:47:59.312Z  INFO 4358 --- [fintech-api] [           main] c.s.f.o.RequestLoggingFilter             : event=http_request request_id=647cb739-b457-4941-8534-10fef96fd502 method=POST path=/api/v1/auth/signup status=200 duration_ms=101 user_id=anonymous tenant_id=-
]]></system-out>
  </testcase>
  <testcase name="apiContractValidationErrorEnvelope" classname="com.spacecworp.fintechapi.FintechApiApplicationTests" time="0.209">
    <system-out><![CDATA[2026-08-31T02:47:59.523Z  WARN 4358 --- [fintech-api] [           main] c.s.f.common.RestExceptionHandler        : event=api_error request_id=39ebbb0f-586c-43ed-b7c5-31e72d1b1d5e status=400 path=/api/v1/auth/login message=email: must not be blank; password: must not be blank
2026-08-31T02:47:59.531Z  INFO 4358 --- [fintech-api] [           main] c.s.f.o.RequestLoggingFilter             : event=http_request request_id=39ebbb0f-586c-43ed-b7c5-31e72d1b1d5e method=POST path=/api/v1/auth/login status=400 duration_ms=24 user_id=anonymous tenant_id=-
]]></system-out>
  </testcase>
  <testcase name="fullFlowLoginExpensePlanPaymentAndConfirmation" classname="com.spacecworp.fintechapi.FintechApiApplicationTests" time="0.34">
    <system-out><![CDATA[2026-08-31T02:47:59.794Z  INFO 4358 --- [fintech-api] [           main] c.s.f.o.RequestLoggingFilter             : event=http_request request_id=e8bb9935-b2a8-4b54-aaf0-faadba80bd22 method=POST path=/api/v1/auth/login status=200 duration_ms=77 user_id=anonymous tenant_id=-
2026-08-31T02:47:59.823Z  INFO 4358 --- [fintech-api] [           main] c.s.f.o.RequestLoggingFilter             : event=http_request request_id=a6ffa1bd-37a1-4709-adcf-d7a7391a3eab method=POST path=/api/v1/expenses status=200 duration_ms=25 user_id=u1 tenant_id=t1
2026-08-31T02:47:59.831Z  INFO 4358 --- [fintech-api] [           main] c.s.fintechapi.governance.AuditService   : event=audit action=plan.changed entity=tenant_plan entity_id=plan_t1 tenant_id=t1 user_id=u1 metadata={new_plan=premium, previous_plan=free}
2026-08-31T02:47:59.834Z  INFO 4358 --- [fintech-api] [           main] c.s.f.o.RequestLoggingFilter             : event=http_request request_id=38fed3e7-caf0-4056-aed6-a1506cfa7573 method=POST path=/api/v1/plans/change status=200 duration_ms=9 user_id=u1 tenant_id=t1
2026-08-31T02:47:59.846Z  INFO 4358 --- [fintech-api] [           main] c.s.fintechapi.governance.AuditService   : event=audit action=payment.created entity=payment entity_id=payments_1003 tenant_id=t1 user_id=u1 metadata={plan=premium, verified_by_ai=true, txid=PIX-001, type=plano, verified_by_mercado_pago=false, amount=19.99}
2026-08-31T02:47:59.848Z  INFO 4358 --- [fintech-api] [           main] c.s.f.o.RequestLoggingFilter             : event=http_request request_id=08ad2de2-519b-4094-96de-8664e3865375 method=POST path=/api/v1/payments status=200 duration_ms=12 user_id=u1 tenant_id=t1
2026-08-31T02:47:59.857Z  INFO 4358 --- [fintech-api] [           main] c.s.fintechapi.governance.AuditService   : event=audit action=payment.confirmed entity=payment entity_id=payments_1003 tenant_id=t1 user_id=u1 metadata={verified_by_mercado_pago=true, mercado_pago_payment_id=MP-123, txid=PIX-001}
2026-08-31T02:47:59.858Z  INFO 4358 --- [fintech-api] [           main] c.s.f.o.RequestLoggingFilter             : event=http_request request_id=5d522240-5595-414f-a650-0c879a5da949 method=POST path=/api/v1/payments/payments_1003/confirm status=200 duration_ms=6 user_id=u1 tenant_id=t1
2026-08-31T02:47:59.863Z  INFO 4358 --- [fintech-api] [           main] c.s.f.o.RequestLoggingFilter             : event=http_request request_id=995e6d8a-aa46-4acf-a1e2-1f519bc83ba0 method=GET path=/api/v1/payments/mercado-pago/status status=200 duration_ms=4 user_id=u1 tenant_id=t1
2026-08-31T02:47:59.869Z  INFO 4358 --- [fintech-api] [           main] c.s.fintechapi.governance.AuditService   : event=audit action=payment.reconciled entity=payment entity_id=payments_1003 tenant_id=t1 user_id=u1 metadata={manual_txn_number=, mercado_pago_payment_id=MP-123, txid=PIX-001}
2026-08-31T02:47:59.870Z  INFO 4358 --- [fintech-api] [           main] c.s.f.o.RequestLoggingFilter             : event=http_request request_id=79b23c7d-a1d5-495f-8fe9-7883b3c7e073 method=POST path=/api/v1/payments/reconcile/mercado-pago status=200 duration_ms=5 user_id=u1 tenant_id=t1
]]></system-out>
  </testcase>
  <testcase name="prioritizedModulesIntegrationContracts" classname="com.spacecworp.fintechapi.FintechApiApplicationTests" time="0.279">
    <system-out><![CDATA[2026-08-31T02:48:00.117Z  INFO 4358 --- [fintech-api] [           main] c.s.f.o.RequestLoggingFilter             : event=http_request request_id=901a3c9b-eacc-4dd9-87dc-602cbf25c195 method=POST path=/api/v1/auth/login status=200 duration_ms=75 user_id=anonymous tenant_id=-
2026-08-31T02:48:00.123Z  INFO 4358 --- [fintech-api] [           main] c.s.f.o.RequestLoggingFilter             : event=http_request request_id=dba388b9-de5b-4b1a-9b18-623f4684d028 method=GET path=/api/v1/auth/me status=200 duration_ms=4 user_id=u1 tenant_id=t1
2026-08-31T02:48:00.130Z  INFO 4358 --- [fintech-api] [           main] c.s.f.o.RequestLoggingFilter             : event=http_request request_id=22a80004-9b53-4af9-a333-e9c95bb235d2 method=GET path=/api/v1/users status=200 duration_ms=6 user_id=u1 tenant_id=t1
2026-08-31T02:48:00.139Z  INFO 4358 --- [fintech-api] [           main] c.s.f.o.RequestLoggingFilter             : event=http_request request_id=abcc59c3-8390-4ee0-a8bb-0a513e087235 method=POST path=/api/v1/expense-rules status=200 duration_ms=7 user_id=u1 tenant_id=t1
2026-08-31T02:48:00.146Z  INFO 4358 --- [fintech-api] [           main] c.s.f.o.RequestLoggingFilter             : event=http_request request_id=f686c3dd-c66f-469a-82d0-d80b8eaa552c method=GET path=/api/v1/expenses/quota status=200 duration_ms=6 user_id=u1 tenant_id=t1
2026-08-31T02:48:00.151Z  INFO 4358 --- [fintech-api] [           main] c.s.f.o.RequestLoggingFilter             : event=http_request request_id=6ba70010-cd20-4605-98f4-fa30d28d0215 method=GET path=/api/v1/plans status=200 duration_ms=4 user_id=u1 tenant_id=t1
2026-08-31T02:48:00.154Z  INFO 4358 --- [fintech-api] [           main] c.s.f.o.RequestLoggingFilter             : event=http_request request_id=e7617eb6-9481-4688-be50-a32445c51136 method=GET path=/api/v1/payments/mercado-pago/status status=200 duration_ms=2 user_id=u1 tenant_id=t1
]]></system-out>
  </testcase>
  <testcase name="contextLoads" classname="com.spacecworp.fintechapi.FintechApiApplicationTests" time="0.156"/>
  <testcase name="idempotencyPreventsDuplicateFinancialWrites" classname="com.spacecworp.fintechapi.FintechApiApplicationTests" time="0.252">
    <system-out><![CDATA[2026-08-31T02:48:00.544Z  INFO 4358 --- [fintech-api] [           main] c.s.f.o.RequestLoggingFilter             : event=http_request request_id=c3086e38-2b98-4eb5-b2aa-888585d32257 method=POST path=/api/v1/auth/login status=200 duration_ms=77 user_id=anonymous tenant_id=-
2026-08-31T02:48:00.551Z  INFO 4358 --- [fintech-api] [           main] c.s.f.o.RequestLoggingFilter             : event=http_request request_id=070b3d6b-868f-4b41-8311-68b81e574027 method=POST path=/api/v1/expenses status=200 duration_ms=5 user_id=u1 tenant_id=t1
2026-08-31T02:48:00.555Z  INFO 4358 --- [fintech-api] [           main] c.s.f.o.RequestLoggingFilter             : event=http_request request_id=0ac60f7a-27ff-4a33-8d03-4bc334624455 method=POST path=/api/v1/expenses status=200 duration_ms=3 user_id=u1 tenant_id=t1
2026-08-31T02:48:00.560Z  INFO 4358 --- [fintech-api] [           main] c.s.fintechapi.governance.AuditService   : event=audit action=payment.created entity=payment entity_id=payments_1002 tenant_id=t1 user_id=u1 metadata={plan=premium, verified_by_ai=false, txid=TX-PAY-IDEMP-1, type=plano, verified_by_mercado_pago=false, amount=19.99}
2026-08-31T02:48:00.560Z  INFO 4358 --- [fintech-api] [           main] c.s.f.o.RequestLoggingFilter             : event=http_request request_id=67d9ffa8-c129-48c4-b81e-37e4b1429ea7 method=POST path=/api/v1/payments status=200 duration_ms=3 user_id=u1 tenant_id=t1
2026-08-31T02:48:00.564Z  INFO 4358 --- [fintech-api] [           main] c.s.f.o.RequestLoggingFilter             : event=http_request request_id=5544c149-27bf-467e-b6dc-c134689cf1e9 method=POST path=/api/v1/payments status=200 duration_ms=2 user_id=u1 tenant_id=t1
]]></system-out>
  </testcase>
</testsuite>