<?xml version="1.0" encoding="UTF-8"?>
<testsuite xmlns:xsi="http://www.w3.org/2001/XMLSchema-instance" xsi:noNamespaceSchemaLocation="https://maven.apache.org/surefire/maven-surefire-plugin/xsd/surefire-test-report.xsd" version="3.0.2" name="com.spacecworp.fintechapi.FintechApiApplicationTests" time="5.982" tests="7" errors="0" skipped="0" failures="0">
  <properties>
[...]
</properties>
  <testcase name="nonAdminCannotEscalateAllUsersOnExpenseAndPaymentLists" classname="com.spacecworp.fintechapi.FintechApiApplicationTests" time="0.856">
    <system-out><![CDATA[Standard Commons Logging discovery in action with spring-jcl: please remove commons-logging.jar from classpath in order to avoid potential conflicts
13:54:38.508 [main] INFO org.springframework.test.context.support.AnnotationConfigContextLoaderUtils -- Could not detect default configuration classes for test class [com.spacecworp.fintechapi.FintechApiApplicationTests]: FintechApiApplicationTests does not declare any static, non-private, non-final, nested classes annotated with @Configuration.
13:54:38.623 [main] INFO org.springframework.boot.test.context.SpringBootTestContextBootstrapper -- Found @SpringBootConfiguration com.spacecworp.fintechapi.FintechApiApplication for test class com.spacecworp.fintechapi.FintechApiApplicationTests

  .   ____          _            __ _ _
 /\\ / ___'_ __ _ _(_)_ __  __ _ \ \ \ \
( ( )\___ | '_ | '_| | '_ \/ _` | \ \ \ \
 \\/  ___)| |_)| | | | | || (_| |  ) ) ) )
  '  |____| .__|_| |_|_| |_\__, | / / / /
 =========|_|==============|___/=/_/_/_/

 :: Spring Boot ::                (v3.5.5)

2026-08-31T13:54:39.014Z  INFO 4363 --- [fintech-api] [           main] c.s.f.FintechApiApplicationTests         : Starting FintechApiApplicationTests using Java 17.0.20.1 with PID 4363 (started by runner in /home/runner/work/fintech_app.github.io/fintech_app.github.io/backend)
2026-08-31T13:54:39.017Z  INFO 4363 --- [fintech-api] [           main] c.s.f.FintechApiApplicationTests         : No active profile set, falling back to 1 default profile: "default"
2026-08-31T13:54:41.104Z  WARN 4363 --- [fintech-api] [           main] .s.s.UserDetailsServiceAutoConfiguration : 

Using generated security password: ab59e9ce-7668-4a8d-8ba4-8fb912d861ca

This generated password is for development use only. Your security configuration must be updated before running your application in production.

2026-08-31T13:54:41.114Z  INFO 4363 --- [fintech-api] [           main] r$InitializeUserDetailsManagerConfigurer : Global AuthenticationManager configured with UserDetailsService bean with name inMemoryUserDetailsManager
2026-08-31T13:54:41.754Z  INFO 4363 --- [fintech-api] [           main] o.s.b.t.m.w.SpringBootMockServletContext : Initializing Spring TestDispatcherServlet ''
2026-08-31T13:54:41.755Z  INFO 4363 --- [fintech-api] [           main] o.s.t.web.servlet.TestDispatcherServlet  : Initializing Servlet ''
2026-08-31T13:54:41.756Z  INFO 4363 --- [fintech-api] [           main] o.s.t.web.servlet.TestDispatcherServlet  : Completed initialization in 1 ms
2026-08-31T13:54:41.788Z  INFO 4363 --- [fintech-api] [           main] c.s.f.FintechApiApplicationTests         : Started FintechApiApplicationTests in 3.061 seconds (process running for 4.037)
2026-08-31T13:54:42.505Z  INFO 4363 --- [fintech-api] [           main] c.s.f.o.RequestLoggingFilter             : event=http_request request_id=7df8dbc9-86f8-4c4c-929d-20ccf6f7d57d method=POST path=/api/v1/auth/login status=200 duration_ms=367 user_id=anonymous tenant_id=-
2026-08-31T13:54:42.626Z  INFO 4363 --- [fintech-api] [           main] c.s.f.o.RequestLoggingFilter             : event=http_request request_id=091f320e-14b0-4f36-a79c-7c71ef534584 method=GET path=/api/v1/expenses status=200 duration_ms=72 user_id=u2 tenant_id=t1
2026-08-31T13:54:42.646Z  INFO 4363 --- [fintech-api] [           main] c.s.f.o.RequestLoggingFilter             : event=http_request request_id=0662d5bc-bdad-41c3-8b40-763116d5f654 method=GET path=/api/v1/payments status=200 duration_ms=13 user_id=u2 tenant_id=t1
]]></system-out>
  </testcase>
  <testcase name="signupTriggersRegistrationConfirmationEmail" classname="com.spacecworp.fintechapi.FintechApiApplicationTests" time="0.316">
    <system-out><![CDATA[2026-08-31T13:54:42.968Z  INFO 4363 --- [fintech-api] [           main] c.s.f.o.RequestLoggingFilter             : event=http_request request_id=edbae2c8-e3c0-45b5-8391-6f4f3991b059 method=POST path=/api/v1/auth/signup status=200 duration_ms=111 user_id=anonymous tenant_id=-
]]></system-out>
  </testcase>
  <testcase name="apiContractValidationErrorEnvelope" classname="com.spacecworp.fintechapi.FintechApiApplicationTests" time="0.225">
    <system-out><![CDATA[2026-08-31T13:54:43.194Z  WARN 4363 --- [fintech-api] [           main] c.s.f.common.RestExceptionHandler        : event=api_error request_id=5adbd659-bba9-4b01-9459-9527333bf977 status=400 path=/api/v1/auth/login message=password: must not be blank; email: must not be blank
2026-08-31T13:54:43.202Z  INFO 4363 --- [fintech-api] [           main] c.s.f.o.RequestLoggingFilter             : event=http_request request_id=5adbd659-bba9-4b01-9459-9527333bf977 method=POST path=/api/v1/auth/login status=400 duration_ms=24 user_id=anonymous tenant_id=-
]]></system-out>
  </testcase>
  <testcase name="fullFlowLoginExpensePlanPaymentAndConfirmation" classname="com.spacecworp.fintechapi.FintechApiApplicationTests" time="0.389">
    <system-out><![CDATA[2026-08-31T13:54:43.511Z  INFO 4363 --- [fintech-api] [           main] c.s.f.o.RequestLoggingFilter             : event=http_request request_id=f3adf86f-5057-41b0-bf0f-73045dc7e824 method=POST path=/api/v1/auth/login status=200 duration_ms=99 user_id=anonymous tenant_id=-
2026-08-31T13:54:43.539Z  INFO 4363 --- [fintech-api] [           main] c.s.f.o.RequestLoggingFilter             : event=http_request request_id=f6f931ca-ae02-4c01-97cb-c0330c675975 method=POST path=/api/v1/expenses status=200 duration_ms=24 user_id=u1 tenant_id=t1
2026-08-31T13:54:43.548Z  INFO 4363 --- [fintech-api] [           main] c.s.fintechapi.governance.AuditService   : event=audit action=plan.changed entity=tenant_plan entity_id=plan_t1 tenant_id=t1 user_id=u1 metadata={new_plan=premium, previous_plan=free}
2026-08-31T13:54:43.552Z  INFO 4363 --- [fintech-api] [           main] c.s.f.o.RequestLoggingFilter             : event=http_request request_id=1796d6c1-d9fd-4966-9943-497a9d8cdaab method=POST path=/api/v1/plans/change status=200 duration_ms=11 user_id=u1 tenant_id=t1
2026-08-31T13:54:43.564Z  INFO 4363 --- [fintech-api] [           main] c.s.fintechapi.governance.AuditService   : event=audit action=payment.created entity=payment entity_id=payments_1003 tenant_id=t1 user_id=u1 metadata={plan=premium, verified_by_ai=true, txid=PIX-001, type=plano, verified_by_mercado_pago=false, amount=19.99}
2026-08-31T13:54:43.566Z  INFO 4363 --- [fintech-api] [           main] c.s.f.o.RequestLoggingFilter             : event=http_request request_id=05721ffb-a1ad-475c-9fa4-393a8d392cd7 method=POST path=/api/v1/payments status=200 duration_ms=12 user_id=u1 tenant_id=t1
2026-08-31T13:54:43.575Z  INFO 4363 --- [fintech-api] [           main] c.s.fintechapi.governance.AuditService   : event=audit action=payment.confirmed entity=payment entity_id=payments_1003 tenant_id=t1 user_id=u1 metadata={verified_by_mercado_pago=true, mercado_pago_payment_id=MP-123, txid=PIX-001}
2026-08-31T13:54:43.576Z  INFO 4363 --- [fintech-api] [           main] c.s.f.o.RequestLoggingFilter             : event=http_request request_id=9ab10d89-8cab-4cb8-b4f5-6e3a151b0c13 method=POST path=/api/v1/payments/payments_1003/confirm status=200 duration_ms=6 user_id=u1 tenant_id=t1
2026-08-31T13:54:43.583Z  INFO 4363 --- [fintech-api] [           main] c.s.f.o.RequestLoggingFilter             : event=http_request request_id=537cce9f-2f60-4ad3-aa74-865164160a93 method=GET path=/api/v1/payments/mercado-pago/status status=200 duration_ms=4 user_id=u1 tenant_id=t1
2026-08-31T13:54:43.589Z  INFO 4363 --- [fintech-api] [           main] c.s.fintechapi.governance.AuditService   : event=audit action=payment.reconciled entity=payment entity_id=payments_1003 tenant_id=t1 user_id=u1 metadata={manual_txn_number=, mercado_pago_payment_id=MP-123, txid=PIX-001}
2026-08-31T13:54:43.591Z  INFO 4363 --- [fintech-api] [           main] c.s.f.o.RequestLoggingFilter             : event=http_request request_id=9a14f38b-3846-4287-baec-be326de9bbda method=POST path=/api/v1/payments/reconcile/mercado-pago status=200 duration_ms=7 user_id=u1 tenant_id=t1
]]></system-out>
  </testcase>
  <testcase name="prioritizedModulesIntegrationContracts" classname="com.spacecworp.fintechapi.FintechApiApplicationTests" time="0.309">
    <system-out><![CDATA[2026-08-31T13:54:43.862Z  INFO 4363 --- [fintech-api] [           main] c.s.f.o.RequestLoggingFilter             : event=http_request request_id=d5a13a89-733d-4358-81c1-319e5d7e1a87 method=POST path=/api/v1/auth/login status=200 duration_ms=86 user_id=anonymous tenant_id=-
2026-08-31T13:54:43.870Z  INFO 4363 --- [fintech-api] [           main] c.s.f.o.RequestLoggingFilter             : event=http_request request_id=2165ff0f-c337-4836-937f-010dd6f7c02e method=GET path=/api/v1/auth/me status=200 duration_ms=6 user_id=u1 tenant_id=t1
2026-08-31T13:54:43.879Z  INFO 4363 --- [fintech-api] [           main] c.s.f.o.RequestLoggingFilter             : event=http_request request_id=f20f6c2f-038b-4d73-956e-487142dc6b64 method=GET path=/api/v1/users status=200 duration_ms=7 user_id=u1 tenant_id=t1
2026-08-31T13:54:43.889Z  INFO 4363 --- [fintech-api] [           main] c.s.f.o.RequestLoggingFilter             : event=http_request request_id=4ec2b3b5-e4e9-4e64-aa6c-10806f6cdbbc method=POST path=/api/v1/expense-rules status=200 duration_ms=8 user_id=u1 tenant_id=t1
2026-08-31T13:54:43.896Z  INFO 4363 --- [fintech-api] [           main] c.s.f.o.RequestLoggingFilter             : event=http_request request_id=d20756b4-4373-4be3-bc98-8579332939b8 method=GET path=/api/v1/expenses/quota status=200 duration_ms=6 user_id=u1 tenant_id=t1
2026-08-31T13:54:43.901Z  INFO 4363 --- [fintech-api] [           main] c.s.f.o.RequestLoggingFilter             : event=http_request request_id=099b8bf8-cb77-46d8-942d-699d7c47638b method=GET path=/api/v1/plans status=200 duration_ms=4 user_id=u1 tenant_id=t1
2026-08-31T13:54:43.905Z  INFO 4363 --- [fintech-api] [           main] c.s.f.o.RequestLoggingFilter             : event=http_request request_id=0b783f49-6e14-455c-91d6-39d6af0fb037 method=GET path=/api/v1/payments/mercado-pago/status status=200 duration_ms=2 user_id=u1 tenant_id=t1
]]></system-out>
  </testcase>
  <testcase name="contextLoads" classname="com.spacecworp.fintechapi.FintechApiApplicationTests" time="0.168"/>
  <testcase name="idempotencyPreventsDuplicateFinancialWrites" classname="com.spacecworp.fintechapi.FintechApiApplicationTests" time="0.278">
    <system-out><![CDATA[2026-08-31T13:54:44.333Z  INFO 4363 --- [fintech-api] [           main] c.s.f.o.RequestLoggingFilter             : event=http_request request_id=b5227aa6-5786-4fe4-b291-8b940d2a71f2 method=POST path=/api/v1/auth/login status=200 duration_ms=85 user_id=anonymous tenant_id=-
2026-08-31T13:54:44.340Z  INFO 4363 --- [fintech-api] [           main] c.s.f.o.RequestLoggingFilter             : event=http_request request_id=cc3ec237-d60e-4860-9526-12baae045abf method=POST path=/api/v1/expenses status=200 duration_ms=4 user_id=u1 tenant_id=t1
2026-08-31T13:54:44.345Z  INFO 4363 --- [fintech-api] [           main] c.s.f.o.RequestLoggingFilter             : event=http_request request_id=a3e5c235-99bd-42b2-86b1-a3a48020e86b method=POST path=/api/v1/expenses status=200 duration_ms=3 user_id=u1 tenant_id=t1
2026-08-31T13:54:44.350Z  INFO 4363 --- [fintech-api] [           main] c.s.fintechapi.governance.AuditService   : event=audit action=payment.created entity=payment entity_id=payments_1002 tenant_id=t1 user_id=u1 metadata={plan=premium, verified_by_ai=false, txid=TX-PAY-IDEMP-1, type=plano, verified_by_mercado_pago=false, amount=19.99}
2026-08-31T13:54:44.350Z  INFO 4363 --- [fintech-api] [           main] c.s.f.o.RequestLoggingFilter             : event=http_request request_id=f7c54ad7-dcdb-4503-8990-513659720226 method=POST path=/api/v1/payments status=200 duration_ms=3 user_id=u1 tenant_id=t1
2026-08-31T13:54:44.354Z  INFO 4363 --- [fintech-api] [           main] c.s.f.o.RequestLoggingFilter             : event=http_request request_id=fe4e1208-e01d-4a30-a967-622c60ae46b1 method=POST path=/api/v1/payments status=200 duration_ms=3 user_id=u1 tenant_id=t1
]]></system-out>
  </testcase>
</testsuite>